# JRE version: Java(TM) SE Runtime Environment (8.0_131-b11) (build 1.8.0_131-b11)
# Java VM: Java HotSpot(TM) 64-Bit Server VM (25.131-b11 mixed mode windows-amd64 compressed oops)
Heap:
 PSYoungGen      total 205824K, used 14993K [0x00000000d5f00000, 0x00000000e4f00000, 0x0000000100000000)
  eden space 195584K, 7% used [0x00000000d5f00000,0x00000000d6da44d0,0x00000000e1e00000)
  from space 10240K, 0% used [0x00000000e2800000,0x00000000e2800000,0x00000000e3200000)
  to   space 10240K, 0% used [0x00000000e1e00000,0x00000000e1e00000,0x00000000e2800000)
 ParOldGen       total 69120K, used 11915K [0x0000000081c00000, 0x0000000085f80000, 0x00000000d5f00000)
  object space 69120K, 17% used [0x0000000081c00000,0x00000000827a2c68,0x0000000085f80000)
 Metaspace       used 34990K, capacity 36866K, committed 37160K, reserved 1081344K
  class space    used 4799K, capacity 5150K, committed 5168K, reserved 1048576K
GC Heap History (10 events):
Event: 2.072 GC heap before
{Heap before GC invocations=6 (full 1):
 PSYoungGen      total 71680K, used 5112K [0x00000000d5f00000, 0x00000000df200000, 0x0000000100000000)
  eden space 66560K, 0% used [0x00000000d5f00000,0x00000000d5f00000,0x00000000da000000)
  from space 5120K, 99% used [0x00000000da000000,0x00000000da4fe050,0x00000000da500000)
  to   space 8704K, 0% used [0x00000000de980000,0x00000000de980000,0x00000000df200000)
 ParOldGen       total 87552K, used 4935K [0x0000000081c00000, 0x0000000087180000, 0x00000000d5f00000)
  object space 87552K, 5% used [0x0000000081c00000,0x00000000820d1c70,0x0000000087180000)
 Metaspace       used 19901K, capacity 21226K, committed 21296K, reserved 1067008K
  class space    used 2571K, capacity 2837K, committed 2864K, reserved 1048576K
Event: 2.104 GC heap after
Heap after GC invocations=6 (full 1):
 PSYoungGen      total 71680K, used 0K [0x00000000d5f00000, 0x00000000df200000, 0x0000000100000000)
  eden space 66560K, 0% used [0x00000000d5f00000,0x00000000d5f00000,0x00000000da000000)
  from space 5120K, 0% used [0x00000000da000000,0x00000000da000000,0x00000000da500000)
  to   space 8704K, 0% used [0x00000000de980000,0x00000000de980000,0x00000000df200000)
 ParOldGen       total 49664K, used 5139K [0x0000000081c00000, 0x0000000084c80000, 0x00000000d5f00000)
  object space 49664K, 10% used [0x0000000081c00000,0x0000000082104dc0,0x0000000084c80000)
 Metaspace       used 19901K, capacity 21226K, committed 21296K, reserved 1067008K
  class space    used 2571K, capacity 2837K, committed 2864K, reserved 1048576K
}
Event: 2.857 GC heap before
{Heap before GC invocations=7 (full 1):
 PSYoungGen      total 71680K, used 66560K [0x00000000d5f00000, 0x00000000df200000, 0x0000000100000000)
  eden space 66560K, 100% used [0x00000000d5f00000,0x00000000da000000,0x00000000da000000)
  from space 5120K, 0% used [0x00000000da000000,0x00000000da000000,0x00000000da500000)
  to   space 8704K, 0% used [0x00000000de980000,0x00000000de980000,0x00000000df200000)
 ParOldGen       total 49664K, used 5139K [0x0000000081c00000, 0x0000000084c80000, 0x00000000d5f00000)
  object space 49664K, 10% used [0x0000000081c00000,0x0000000082104dc0,0x0000000084c80000)
 Metaspace       used 23959K, capacity 25498K, committed 25776K, reserved 1071104K
  class space    used 3124K, capacity 3423K, committed 3504K, reserved 1048576K
Event: 2.864 GC heap after
Heap after GC invocations=7 (full 1):
 PSYoungGen      total 122880K, used 6728K [0x00000000d5f00000, 0x00000000df080000, 0x0000000100000000)
  eden space 115712K, 0% used [0x00000000d5f00000,0x00000000d5f00000,0x00000000dd000000)
  from space 7168K, 93% used [0x00000000de980000,0x00000000df012128,0x00000000df080000)
  to   space 8704K, 0% used [0x00000000ddf80000,0x00000000ddf80000,0x00000000de800000)
 ParOldGen       total 49664K, used 5147K [0x0000000081c00000, 0x0000000084c80000, 0x00000000d5f00000)
  object space 49664K, 10% used [0x0000000081c00000,0x0000000082106dc0,0x0000000084c80000)
 Metaspace       used 23959K, capacity 25498K, committed 25776K, reserved 1071104K
  class space    used 3124K, capacity 3423K, committed 3504K, reserved 1048576K
}
Event: 4.389 GC heap before
{Heap before GC invocations=8 (full 1):
 PSYoungGen      total 122880K, used 122440K [0x00000000d5f00000, 0x00000000df080000, 0x0000000100000000)
  eden space 115712K, 100% used [0x00000000d5f00000,0x00000000dd000000,0x00000000dd000000)
  from space 7168K, 93% used [0x00000000de980000,0x00000000df012128,0x00000000df080000)
  to   space 8704K, 0% used [0x00000000ddf80000,0x00000000ddf80000,0x00000000de800000)
 ParOldGen       total 49664K, used 5147K [0x0000000081c00000, 0x0000000084c80000, 0x00000000d5f00000)
  object space 49664K, 10% used [0x0000000081c00000,0x0000000082106dc0,0x0000000084c80000)
 Metaspace       used 30669K, capacity 32488K, committed 32688K, reserved 1077248K
  class space    used 4118K, capacity 4438K, committed 4528K, reserved 1048576K
Event: 4.404 GC heap after
Heap after GC invocations=8 (full 1):
 PSYoungGen      total 140288K, used 8682K [0x00000000d5f00000, 0x00000000e3200000, 0x0000000100000000)
  eden space 131584K, 0% used [0x00000000d5f00000,0x00000000d5f00000,0x00000000ddf80000)
  from space 8704K, 99% used [0x00000000ddf80000,0x00000000de7faac8,0x00000000de800000)
  to   space 10240K, 0% used [0x00000000e2800000,0x00000000e2800000,0x00000000e3200000)
 ParOldGen       total 49664K, used 6049K [0x0000000081c00000, 0x0000000084c80000, 0x00000000d5f00000)
  object space 49664K, 12% used [0x0000000081c00000,0x00000000821e8778,0x0000000084c80000)
 Metaspace       used 30669K, capacity 32488K, committed 32688K, reserved 1077248K
  class space    used 4118K, capacity 4438K, committed 4528K, reserved 1048576K
}
Event: 4.556 GC heap before
{Heap before GC invocations=9 (full 1):
 PSYoungGen      total 140288K, used 16529K [0x00000000d5f00000, 0x00000000e3200000, 0x0000000100000000)
  eden space 131584K, 5% used [0x00000000d5f00000,0x00000000d66a99b0,0x00000000ddf80000)
  from space 8704K, 99% used [0x00000000ddf80000,0x00000000de7faac8,0x00000000de800000)
  to   space 10240K, 0% used [0x00000000e2800000,0x00000000e2800000,0x00000000e3200000)
 ParOldGen       total 49664K, used 6049K [0x0000000081c00000, 0x0000000084c80000, 0x00000000d5f00000)
  object space 49664K, 12% used [0x0000000081c00000,0x00000000821e8778,0x0000000084c80000)
 Metaspace       used 33473K, capacity 35292K, committed 35496K, reserved 1079296K
  class space    used 4655K, capacity 4988K, committed 5040K, reserved 1048576K
Event: 4.564 GC heap after
Heap after GC invocations=9 (full 1):
 PSYoungGen      total 205824K, used 7236K [0x00000000d5f00000, 0x00000000e4f00000, 0x0000000100000000)
  eden space 195584K, 0% used [0x00000000d5f00000,0x00000000d5f00000,0x00000000e1e00000)
  from space 10240K, 70% used [0x00000000e2800000,0x00000000e2f11060,0x00000000e3200000)
  to   space 10240K, 0% used [0x00000000e1e00000,0x00000000e1e00000,0x00000000e2800000)
 ParOldGen       total 49664K, used 6057K [0x0000000081c00000, 0x0000000084c80000, 0x00000000d5f00000)
  object space 49664K, 12% used [0x0000000081c00000,0x00000000821ea778,0x0000000084c80000)
 Metaspace       used 33473K, capacity 35292K, committed 35496K, reserved 1079296K
  class space    used 4655K, capacity 4988K, committed 5040K, reserved 1048576K
}
Event: 4.564 GC heap before
{Heap before GC invocations=10 (full 2):
 PSYoungGen      total 205824K, used 7236K [0x00000000d5f00000, 0x00000000e4f00000, 0x0000000100000000)
  eden space 195584K, 0% used [0x00000000d5f00000,0x00000000d5f00000,0x00000000e1e00000)
  from space 10240K, 70% used [0x00000000e2800000,0x00000000e2f11060,0x00000000e3200000)
  to   space 10240K, 0% used [0x00000000e1e00000,0x00000000e1e00000,0x00000000e2800000)
 ParOldGen       total 49664K, used 6057K [0x0000000081c00000, 0x0000000084c80000, 0x00000000d5f00000)
  object space 49664K, 12% used [0x0000000081c00000,0x00000000821ea778,0x0000000084c80000)
 Metaspace       used 33473K, capacity 35292K, committed 35496K, reserved 1079296K
  class space    used 4655K, capacity 4988K, committed 5040K, reserved 1048576K
Event: 4.613 GC heap after
Heap after GC invocations=10 (full 2):
 PSYoungGen      total 205824K, used 0K [0x00000000d5f00000, 0x00000000e4f00000, 0x0000000100000000)
  eden space 195584K, 0% used [0x00000000d5f00000,0x00000000d5f00000,0x00000000e1e00000)
  from space 10240K, 0% used [0x00000000e2800000,0x00000000e2800000,0x00000000e3200000)
  to   space 10240K, 0% used [0x00000000e1e00000,0x00000000e1e00000,0x00000000e2800000)
 ParOldGen       total 69120K, used 11915K [0x0000000081c00000, 0x0000000085f80000, 0x00000000d5f00000)
  object space 69120K, 17% used [0x0000000081c00000,0x00000000827a2c68,0x0000000085f80000)
 Metaspace       used 33473K, capacity 35292K, committed 35496K, reserved 1079296K
  class space    used 4655K, capacity 4988K, committed 5040K, reserved 1048576K
}

