# JRE version: Java(TM) SE Runtime Environment (8.0_131-b11) (build 1.8.0_131-b11)
# Java VM: Java HotSpot(TM) 64-Bit Server VM (25.131-b11 mixed mode windows-amd64 compressed oops)
Heap:
 PSYoungGen      total 223232K, used 12606K [0x00000000d5f00000, 0x00000000e5900000, 0x0000000100000000)
  eden space 212992K, 5% used [0x00000000d5f00000,0x00000000d6b4f840,0x00000000e2f00000)
  from space 10240K, 0% used [0x00000000e3900000,0x00000000e3900000,0x00000000e4300000)
  to   space 10240K, 0% used [0x00000000e2f00000,0x00000000e2f00000,0x00000000e3900000)
 ParOldGen       total 68096K, used 11616K [0x0000000081c00000, 0x0000000085e80000, 0x00000000d5f00000)
  object space 68096K, 17% used [0x0000000081c00000,0x0000000082758088,0x0000000085e80000)
 Metaspace       used 34988K, capacity 36878K, committed 37208K, reserved 1081344K
  class space    used 4798K, capacity 5150K, committed 5248K, reserved 1048576K
GC Heap History (10 events):
Event: 2.115 GC heap before
{Heap before GC invocations=6 (full 1):
 PSYoungGen      total 71680K, used 5116K [0x00000000d5f00000, 0x00000000df200000, 0x0000000100000000)
  eden space 66560K, 0% used [0x00000000d5f00000,0x00000000d5f00000,0x00000000da000000)
  from space 5120K, 99% used [0x00000000da000000,0x00000000da4ff268,0x00000000da500000)
  to   space 8704K, 0% used [0x00000000de980000,0x00000000de980000,0x00000000df200000)
 ParOldGen       total 87552K, used 4875K [0x0000000081c00000, 0x0000000087180000, 0x00000000d5f00000)
  object space 87552K, 5% used [0x0000000081c00000,0x00000000820c2ed0,0x0000000087180000)
 Metaspace       used 19929K, capacity 21238K, committed 21248K, reserved 1067008K
  class space    used 2573K, capacity 2813K, committed 2816K, reserved 1048576K
Event: 2.141 GC heap after
Heap after GC invocations=6 (full 1):
 PSYoungGen      total 71680K, used 0K [0x00000000d5f00000, 0x00000000df200000, 0x0000000100000000)
  eden space 66560K, 0% used [0x00000000d5f00000,0x00000000d5f00000,0x00000000da000000)
  from space 5120K, 0% used [0x00000000da000000,0x00000000da000000,0x00000000da500000)
  to   space 8704K, 0% used [0x00000000de980000,0x00000000de980000,0x00000000df200000)
 ParOldGen       total 47616K, used 5171K [0x0000000081c00000, 0x0000000084a80000, 0x00000000d5f00000)
  object space 47616K, 10% used [0x0000000081c00000,0x000000008210ce18,0x0000000084a80000)
 Metaspace       used 19929K, capacity 21238K, committed 21248K, reserved 1067008K
  class space    used 2573K, capacity 2813K, committed 2816K, reserved 1048576K
}
Event: 2.560 GC heap before
{Heap before GC invocations=7 (full 1):
 PSYoungGen      total 71680K, used 66560K [0x00000000d5f00000, 0x00000000df200000, 0x0000000100000000)
  eden space 66560K, 100% used [0x00000000d5f00000,0x00000000da000000,0x00000000da000000)
  from space 5120K, 0% used [0x00000000da000000,0x00000000da000000,0x00000000da500000)
  to   space 8704K, 0% used [0x00000000de980000,0x00000000de980000,0x00000000df200000)
 ParOldGen       total 47616K, used 5180K [0x0000000081c00000, 0x0000000084a80000, 0x00000000d5f00000)
  object space 47616K, 10% used [0x0000000081c00000,0x000000008210f1e0,0x0000000084a80000)
 Metaspace       used 23948K, capacity 25498K, committed 25728K, reserved 1071104K
  class space    used 3124K, capacity 3423K, committed 3456K, reserved 1048576K
Event: 2.567 GC heap after
Heap after GC invocations=7 (full 1):
 PSYoungGen      total 127488K, used 6674K [0x00000000d5f00000, 0x00000000df080000, 0x0000000100000000)
  eden space 120320K, 0% used [0x00000000d5f00000,0x00000000d5f00000,0x00000000dd480000)
  from space 7168K, 93% used [0x00000000de980000,0x00000000df004b00,0x00000000df080000)
  to   space 8704K, 0% used [0x00000000ddf80000,0x00000000ddf80000,0x00000000de800000)
 ParOldGen       total 47616K, used 5188K [0x0000000081c00000, 0x0000000084a80000, 0x00000000d5f00000)
  object space 47616K, 10% used [0x0000000081c00000,0x00000000821111e0,0x0000000084a80000)
 Metaspace       used 23948K, capacity 25498K, committed 25728K, reserved 1071104K
  class space    used 3124K, capacity 3423K, committed 3456K, reserved 1048576K
}
Event: 3.760 GC heap before
{Heap before GC invocations=8 (full 1):
 PSYoungGen      total 127488K, used 126994K [0x00000000d5f00000, 0x00000000df080000, 0x0000000100000000)
  eden space 120320K, 100% used [0x00000000d5f00000,0x00000000dd480000,0x00000000dd480000)
  from space 7168K, 93% used [0x00000000de980000,0x00000000df004b00,0x00000000df080000)
  to   space 8704K, 0% used [0x00000000ddf80000,0x00000000ddf80000,0x00000000de800000)
 ParOldGen       total 47616K, used 5188K [0x0000000081c00000, 0x0000000084a80000, 0x00000000d5f00000)
  object space 47616K, 10% used [0x0000000081c00000,0x00000000821111e0,0x0000000084a80000)
 Metaspace       used 31392K, capacity 33300K, committed 33664K, reserved 1079296K
  class space    used 4305K, capacity 4662K, committed 4736K, reserved 1048576K
Event: 3.777 GC heap after
Heap after GC invocations=8 (full 1):
 PSYoungGen      total 140288K, used 8703K [0x00000000d5f00000, 0x00000000e4300000, 0x0000000100000000)
  eden space 131584K, 0% used [0x00000000d5f00000,0x00000000d5f00000,0x00000000ddf80000)
  from space 8704K, 99% used [0x00000000ddf80000,0x00000000de7ffef8,0x00000000de800000)
  to   space 10240K, 0% used [0x00000000e3900000,0x00000000e3900000,0x00000000e4300000)
 ParOldGen       total 47616K, used 6103K [0x0000000081c00000, 0x0000000084a80000, 0x00000000d5f00000)
  object space 47616K, 12% used [0x0000000081c00000,0x00000000821f5d90,0x0000000084a80000)
 Metaspace       used 31392K, capacity 33300K, committed 33664K, reserved 1079296K
  class space    used 4305K, capacity 4662K, committed 4736K, reserved 1048576K
}
Event: 3.854 GC heap before
{Heap before GC invocations=9 (full 1):
 PSYoungGen      total 140288K, used 14247K [0x00000000d5f00000, 0x00000000e4300000, 0x0000000100000000)
  eden space 131584K, 4% used [0x00000000d5f00000,0x00000000d6469d30,0x00000000ddf80000)
  from space 8704K, 99% used [0x00000000ddf80000,0x00000000de7ffef8,0x00000000de800000)
  to   space 10240K, 0% used [0x00000000e3900000,0x00000000e3900000,0x00000000e4300000)
 ParOldGen       total 47616K, used 6103K [0x0000000081c00000, 0x0000000084a80000, 0x00000000d5f00000)
  object space 47616K, 12% used [0x0000000081c00000,0x00000000821f5d90,0x0000000084a80000)
 Metaspace       used 33475K, capacity 35304K, committed 35416K, reserved 1079296K
  class space    used 4655K, capacity 4988K, committed 4992K, reserved 1048576K
Event: 3.859 GC heap after
Heap after GC invocations=9 (full 1):
 PSYoungGen      total 223232K, used 7188K [0x00000000d5f00000, 0x00000000e5900000, 0x0000000100000000)
  eden space 212992K, 0% used [0x00000000d5f00000,0x00000000d5f00000,0x00000000e2f00000)
  from space 10240K, 70% used [0x00000000e3900000,0x00000000e4005030,0x00000000e4300000)
  to   space 10240K, 0% used [0x00000000e2f00000,0x00000000e2f00000,0x00000000e3900000)
 ParOldGen       total 47616K, used 6111K [0x0000000081c00000, 0x0000000084a80000, 0x00000000d5f00000)
  object space 47616K, 12% used [0x0000000081c00000,0x00000000821f7d90,0x0000000084a80000)
 Metaspace       used 33475K, capacity 35304K, committed 35416K, reserved 1079296K
  class space    used 4655K, capacity 4988K, committed 4992K, reserved 1048576K
}
Event: 3.859 GC heap before
{Heap before GC invocations=10 (full 2):
 PSYoungGen      total 223232K, used 7188K [0x00000000d5f00000, 0x00000000e5900000, 0x0000000100000000)
  eden space 212992K, 0% used [0x00000000d5f00000,0x00000000d5f00000,0x00000000e2f00000)
  from space 10240K, 70% used [0x00000000e3900000,0x00000000e4005030,0x00000000e4300000)
  to   space 10240K, 0% used [0x00000000e2f00000,0x00000000e2f00000,0x00000000e3900000)
 ParOldGen       total 47616K, used 6111K [0x0000000081c00000, 0x0000000084a80000, 0x00000000d5f00000)
  object space 47616K, 12% used [0x0000000081c00000,0x00000000821f7d90,0x0000000084a80000)
 Metaspace       used 33475K, capacity 35304K, committed 35416K, reserved 1079296K
  class space    used 4655K, capacity 4988K, committed 4992K, reserved 1048576K
Event: 3.936 GC heap after
Heap after GC invocations=10 (full 2):
 PSYoungGen      total 223232K, used 0K [0x00000000d5f00000, 0x00000000e5900000, 0x0000000100000000)
  eden space 212992K, 0% used [0x00000000d5f00000,0x00000000d5f00000,0x00000000e2f00000)
  from space 10240K, 0% used [0x00000000e3900000,0x00000000e3900000,0x00000000e4300000)
  to   space 10240K, 0% used [0x00000000e2f00000,0x00000000e2f00000,0x00000000e3900000)
 ParOldGen       total 68096K, used 11616K [0x0000000081c00000, 0x0000000085e80000, 0x00000000d5f00000)
  object space 68096K, 17% used [0x0000000081c00000,0x0000000082758088,0x0000000085e80000)
 Metaspace       used 33475K, capacity 35304K, committed 35416K, reserved 1079296K
  class space    used 4655K, capacity 4988K, committed 4992K, reserved 1048576K
}

